<?xml version="1.0" encoding="UTF-8"?>
<!-- Generated by org.testng.reporters.JUnitReportReporter -->
<testsuite hostname="Ammarahs-MBP" failures="0" tests="1" name="Tests.TestBase" time="0.009" errors="0" timestamp="2022-11-01T19:13:42 GMT" skipped="0">
  <testcase classname="Tests.TestBase" name="f" time="0.009"/>
  <system-out/>
</testsuite> <!-- Tests.TestBase -->
