<?xml version="1.0" encoding="UTF-8"?>
<!-- Generated by org.testng.reporters.JUnitReportReporter -->
<testsuite hostname="Ammarahs-MBP" failures="0" tests="1" name="Tests.SearchTestSpec" time="36.492" errors="0" timestamp="2022-11-07T05:42:35 GMT" skipped="0">
  <testcase classname="Tests.SearchTestSpec" name="searchOnAmazon" time="36.492"/>
  <system-out>
    <![CDATA[About This Item Label is Present]]>
  </system-out>
</testsuite> <!-- Tests.SearchTestSpec -->
